<?xml version="1.0" encoding="UTF-8"?>
<!-- Generated by org.testng.reporters.JUnitReportReporter -->
<testsuite hostname="DESKTOP-9D4N4I9" failures="0" tests="2" name="Parallel_execution.Parllel_Script" time="91.322" errors="0" timestamp="2023-06-23T11:26:49 IST" skipped="0">
  <testcase classname="Parallel_execution.Parllel_Script" name="execution" time="64.907"/>
  <testcase classname="Parallel_execution.Parllel_Script" name="execution" time="26.415"/>
</testsuite> <!-- Parallel_execution.Parllel_Script -->
