<?xml version="1.0" encoding="UTF-8"?>
<!-- Generated by org.testng.reporters.JUnitReportReporter -->
<testsuite hostname="DESKTOP-9D4N4I9" failures="0" tests="2" name="Runner_script.Runnerscript" time="22.435" errors="0" timestamp="2023-07-04T20:45:37 IST" skipped="0">
  <testcase classname="Runner_script.Runnerscript" name="test1" time="10.711"/>
  <testcase classname="Runner_script.Runnerscript" name="test1" time="11.724"/>
</testsuite> <!-- Runner_script.Runnerscript -->
